Build started 16/11/2015 20:06:18.
     1>Project "C:\Users\VottonHD\Documents\GitHub\LoliSmasher\meatbeater.vcxproj" on node 2 (Build target(s)).
     1>Link:
         C:\Program Files (x86)\Microsoft Visual Studio 12.0\VC\bin\link.exe /ERRORREPORT:PROMPT /OUT:"C:\Users\VottonHD\Documents\GitHub\LoliSmasher\Debug\meatbeater.dll" /INCREMENTAL /NOLOGO /LIBPATH:"C:\hl2sdk-gmod\lib\public" /LIBPATH:"C:\Program Files (x86)\Microsoft Visual Studio 12.0\VC\lib" /LIBPATH:"C:\Program Files (x86)\Microsoft Visual Studio 12.0\VC\atlmfc\lib" /LIBPATH:"C:\Program Files (x86)\Windows Kits\8.1\lib\winv6.3\um\x86" kernel32.lib user32.lib gdi32.lib winspool.lib comdlg32.lib advapi32.lib shell32.lib ole32.lib oleaut32.lib uuid.lib odbc32.lib odbccp32.lib /NODEFAULTLIB /MANIFEST /MANIFESTUAC:"level='asInvoker' uiAccess='false'" /manifest:embed /DEBUG /PDB:"C:\Users\VottonHD\Documents\GitHub\LoliSmasher\Debug\meatbeater.pdb" /TLBID:1 /DYNAMICBASE /NXCOMPAT /IMPLIB:"C:\Users\VottonHD\Documents\GitHub\LoliSmasher\Debug\meatbeater.lib" /MACHINE:X86 /DLL Debug\main.obj
     1>main.obj : error LNK2019: unresolved external symbol "void __stdcall `eh vector destructor iterator'(void *,unsigned int,int,void (__thiscall*)(void *))" (??_M@YGXPAXIHP6EX0@Z@Z) referenced in function "public: void * __thiscall CInterpolatedVarEntryBase<float,1>::`vector deleting destructor'(unsigned int)" (??_E?$CInterpolatedVarEntryBase@M$00@@QAEPAXI@Z)
     1>main.obj : error LNK2001: unresolved external symbol __purecall
     1>main.obj : error LNK2019: unresolved external symbol "void * __cdecl operator new(unsigned int)" (??2@YAPAXI@Z) referenced in function "char * __cdecl std::_Allocate<char>(unsigned int,char *)" (??$_Allocate@D@std@@YAPADIPAD@Z)
     1>main.obj : error LNK2019: unresolved external symbol "void __cdecl operator delete(void *)" (??3@YAXPAX@Z) referenced in function __unwindfunclet$??0CMenuSystem@@QAE@XZ$0
     1>main.obj : error LNK2019: unresolved external symbol _atexit referenced in function "void __cdecl `dynamic initializer for 'public: static class std::_Generic_error_category std::_Error_objects<int>::_Generic_object''(void)" (??__E?_Generic_object@?$_Error_objects@H@std@@2V_Generic_error_category@2@A@@YAXXZ)
     1>main.obj : error LNK2019: unresolved external symbol __imp___invalid_parameter referenced in function "public: class LBaseObject * & __thiscall std::vector<class LBaseObject *,class std::allocator<class LBaseObject *> >::operator[](unsigned int)" (??A?$vector@PAVLBaseObject@@V?$allocator@PAVLBaseObject@@@std@@@std@@QAEAAPAVLBaseObject@@I@Z)
     1>main.obj : error LNK2019: unresolved external symbol __imp____iob_func referenced in function "public: void __thiscall CConsole::Initialize(void)" (?Initialize@CConsole@@QAEXXZ)
     1>main.obj : error LNK2019: unresolved external symbol __imp__freopen referenced in function "public: void __thiscall CConsole::Initialize(void)" (?Initialize@CConsole@@QAEXXZ)
     1>main.obj : error LNK2019: unresolved external symbol __imp__printf referenced in function "private: virtual void __thiscall AllGameEvents::FireGameEvent(class IGameEvent *)" (?FireGameEvent@AllGameEvents@@EAEXPAVIGameEvent@@@Z)
     1>main.obj : error LNK2019: unresolved external symbol __imp__sprintf referenced in function "private: virtual void __thiscall GameEventKilled::FireGameEvent(class IGameEvent *)" (?FireGameEvent@GameEventKilled@@EAEXPAVIGameEvent@@@Z)
     1>main.obj : error LNK2019: unresolved external symbol __imp__vsprintf referenced in function "public: void __cdecl CVisuals::DrawStringA(int,int,int,int,int,int,char const *,...)" (?DrawStringA@CVisuals@@QAAXHHHHHHPBDZZ)
     1>main.obj : error LNK2019: unresolved external symbol "__declspec(dllimport) public: __thiscall std::_Lockit::_Lockit(int)" (__imp_??0_Lockit@std@@QAE@H@Z) referenced in function "public: __thiscall std::_Iterator_base12::~_Iterator_base12(void)" (??1_Iterator_base12@std@@QAE@XZ)
     1>main.obj : error LNK2019: unresolved external symbol "__declspec(dllimport) public: __thiscall std::_Lockit::~_Lockit(void)" (__imp_??1_Lockit@std@@QAE@XZ) referenced in function "public: __thiscall std::_Iterator_base12::~_Iterator_base12(void)" (??1_Iterator_base12@std@@QAE@XZ)
     1>main.obj : error LNK2019: unresolved external symbol __imp__mbstowcs referenced in function "public: void __cdecl CVisuals::DrawStringA(int,int,int,int,int,int,char const *,...)" (?DrawStringA@CVisuals@@QAAXHHHHHHPBDZZ)
     1>main.obj : error LNK2019: unresolved external symbol __imp__malloc referenced in function "public: bool __thiscall CVMTHookManager::Init(void *)" (?Init@CVMTHookManager@@QAE_NPAX@Z)
     1>main.obj : error LNK2019: unresolved external symbol _atan2 referenced in function _atan2f
     1>main.obj : error LNK2019: unresolved external symbol _fabs referenced in function _fabsf
     1>main.obj : error LNK2019: unresolved external symbol _sqrt referenced in function _sqrtf
     1>main.obj : error LNK2019: unresolved external symbol __imp___hypot referenced in function _hypot
     1>main.obj : error LNK2019: unresolved external symbol __imp__roundf referenced in function "public: virtual void __thiscall LSlider::Think(void)" (?Think@LSlider@@UAEXXZ)
     1>main.obj : error LNK2019: unresolved external symbol __imp__wcslen referenced in function "public: void __cdecl CVisuals::DrawStringA(int,int,int,int,int,int,char const *,...)" (?DrawStringA@CVisuals@@QAAXHHHHHHPBDZZ)
     1>main.obj : error LNK2019: unresolved external symbol __imp__memmove referenced in function "void * * __cdecl std::_Move<void * *,void * *>(void * *,void * *,void * *,struct std::_Scalar_ptr_iterator_tag)" (??$_Move@PAPAXPAPAX@std@@YAPAPAXPAPAX00U_Scalar_ptr_iterator_tag@0@@Z)
     1>main.obj : error LNK2019: unresolved external symbol _memcpy referenced in function "public: bool __thiscall CVMTHookManager::Init(void *)" (?Init@CVMTHookManager@@QAE_NPAX@Z)
     1>main.obj : error LNK2019: unresolved external symbol _strcmp referenced in function "public: class LBaseObject * __thiscall LTabPanel::GetTab(char const *)" (?GetTab@LTabPanel@@QAEPAVLBaseObject@@PBD@Z)
     1>main.obj : error LNK2019: unresolved external symbol _strlen referenced in function "public: void __cdecl CVisuals::DrawStringA(int,int,int,int,int,int,char const *,...)" (?DrawStringA@CVisuals@@QAAXHHHHHHPBDZZ)
     1>main.obj : error LNK2019: unresolved external symbol __imp__stricmp referenced in function "private: int __thiscall CNetworkedVariableManager::GetPropA(class RecvTable *,char const *,class RecvProp * *)" (?GetPropA@CNetworkedVariableManager@@AAEHPAVRecvTable@@PBDPAPAVRecvProp@@@Z)
     1>main.obj : error LNK2019: unresolved external symbol "__declspec(dllimport) bool __cdecl std::uncaught_exception(void)" (__imp_?uncaught_exception@std@@YA_NXZ) referenced in function "public: __thiscall std::basic_ostream<char,struct std::char_traits<char> >::sentry::~sentry(void)" (??1sentry@?$basic_ostream@DU?$char_traits@D@std@@@std@@QAE@XZ)
     1>main.obj : error LNK2019: unresolved external symbol "void __cdecl operator delete[](void *)" (??_V@YAXPAX@Z) referenced in function "public: __thiscall CInterpolatedVarEntryBase<float,1>::~CInterpolatedVarEntryBase<float,1>(void)" (??1?$CInterpolatedVarEntryBase@M$00@@QAE@XZ)
     1>main.obj : error LNK2019: unresolved external symbol __imp___CrtDbgReportW referenced in function "public: class LBaseObject * & __thiscall std::vector<class LBaseObject *,class std::allocator<class LBaseObject *> >::operator[](unsigned int)" (??A?$vector@PAVLBaseObject@@V?$allocator@PAVLBaseObject@@@std@@@std@@QAEAAPAVLBaseObject@@I@Z)
     1>main.obj : error LNK2019: unresolved external symbol "__declspec(dllimport) void __cdecl std::_Debug_message(wchar_t const *,wchar_t const *,unsigned int)" (__imp_?_Debug_message@std@@YAXPB_W0I@Z) referenced in function "void __cdecl std::_Debug_pointer<char>(char const *,wchar_t const *,unsigned int)" (??$_Debug_pointer@D@std@@YAXPBDPB_WI@Z)
     1>main.obj : error LNK2019: unresolved external symbol "__declspec(dllimport) public: __thiscall std::_Container_base12::_Container_base12(void)" (__imp_??0_Container_base12@std@@QAE@XZ) referenced in function "public: __thiscall std::_String_val<struct std::_Simple_types<char> >::_String_val<struct std::_Simple_types<char> >(void)" (??0?$_String_val@U?$_Simple_types@D@std@@@std@@QAE@XZ)
     1>main.obj : error LNK2019: unresolved external symbol "__declspec(dllimport) public: __thiscall std::_Container_base12::~_Container_base12(void)" (__imp_??1_Container_base12@std@@QAE@XZ) referenced in function "public: __thiscall std::_String_val<struct std::_Simple_types<char> >::~_String_val<struct std::_Simple_types<char> >(void)" (??1?$_String_val@U?$_Simple_types@D@std@@@std@@QAE@XZ)
     1>main.obj : error LNK2019: unresolved external symbol "__declspec(dllimport) public: struct std::_Iterator_base12 * * __thiscall std::_Container_base12::_Getpfirst(void)const " (__imp_?_Getpfirst@_Container_base12@std@@QBEPAPAU_Iterator_base12@2@XZ) referenced in function "protected: void __thiscall std::vector<class CVariable *,class std::allocator<class CVariable *> >::_Orphan_range(class CVariable * *,class CVariable * *)const " (?_Orphan_range@?$vector@PAVCVariable@@V?$allocator@PAVCVariable@@@std@@@std@@IBEXPAPAVCVariable@@0@Z)
     1>main.obj : error LNK2019: unresolved external symbol "__declspec(dllimport) public: void __thiscall std::_Container_base12::_Orphan_all(void)" (__imp_?_Orphan_all@_Container_base12@std@@QAEXXZ) referenced in function "public: void __thiscall std::_String_alloc<0,struct std::_String_base_types<char,class std::allocator<char> > >::_Free_proxy(void)" (?_Free_proxy@?$_String_alloc@$0A@U?$_String_base_types@DV?$allocator@D@std@@@std@@@std@@QAEXXZ)
     1>main.obj : error LNK2019: unresolved external symbol "__declspec(dllimport) void __cdecl std::_Xbad_alloc(void)" (__imp_?_Xbad_alloc@std@@YAXXZ) referenced in function "char * __cdecl std::_Allocate<char>(unsigned int,char *)" (??$_Allocate@D@std@@YAPADIPAD@Z)
     1>main.obj : error LNK2019: unresolved external symbol "__declspec(dllimport) void __cdecl std::_Xlength_error(char const *)" (__imp_?_Xlength_error@std@@YAXPBD@Z) referenced in function "public: void __thiscall std::basic_string<char,struct std::char_traits<char>,class std::allocator<char> >::_Xlen(void)const " (?_Xlen@?$basic_string@DU?$char_traits@D@std@@V?$allocator@D@2@@std@@QBEXXZ)
     1>main.obj : error LNK2019: unresolved external symbol "__declspec(dllimport) void __cdecl std::_Xout_of_range(char const *)" (__imp_?_Xout_of_range@std@@YAXPBD@Z) referenced in function "public: void __thiscall std::basic_string<char,struct std::char_traits<char>,class std::allocator<char> >::_Xran(void)const " (?_Xran@?$basic_string@DU?$char_traits@D@std@@V?$allocator@D@2@@std@@QBEXXZ)
     1>main.obj : error LNK2019: unresolved external symbol "__declspec(dllimport) public: __thiscall std::locale::id::id(unsigned int)" (__imp_??0id@locale@std@@QAE@I@Z) referenced in function "void __cdecl `dynamic initializer for 'public: static class std::locale::id std::num_put<char,class std::back_insert_iterator<class std::basic_string<char,struct std::char_traits<char>,class std::allocator<char> > > >::id''(void)" (??__E?id@?$num_put@DV?$back_insert_iterator@V?$basic_string@DU?$char_traits@D@std@@V?$allocator@D@2@@std@@@std@@@std@@2V0locale@2@A@@YAXXZ)
     1>main.obj : error LNK2019: unresolved external symbol "__declspec(dllimport) char const * __cdecl std::_Syserror_map(int)" (__imp_?_Syserror_map@std@@YAPBDH@Z) referenced in function "public: virtual class std::error_condition __thiscall std::_System_error_category::default_error_condition(int)const " (?default_error_condition@_System_error_category@std@@UBE?AVerror_condition@2@H@Z)
     1>main.obj : error LNK2019: unresolved external symbol "__declspec(dllimport) char const * __cdecl std::_Winerror_map(int)" (__imp_?_Winerror_map@std@@YAPBDH@Z) referenced in function "public: virtual class std::basic_string<char,struct std::char_traits<char>,class std::allocator<char> > __thiscall std::_System_error_category::message(int)const " (?message@_System_error_category@std@@UBE?AV?$basic_string@DU?$char_traits@D@std@@V?$allocator@D@2@@2@H@Z)
     1>main.obj : error LNK2019: unresolved external symbol "__declspec(dllimport) public: bool __thiscall std::ios_base::good(void)const " (__imp_?good@ios_base@std@@QBE_NXZ) referenced in function "public: __thiscall std::basic_ostream<char,struct std::char_traits<char> >::sentry::sentry(class std::basic_ostream<char,struct std::char_traits<char> > &)" (??0sentry@?$basic_ostream@DU?$char_traits@D@std@@@std@@QAE@AAV12@@Z)
     1>main.obj : error LNK2019: unresolved external symbol "__declspec(dllimport) public: int __thiscall std::ios_base::flags(void)const " (__imp_?flags@ios_base@std@@QBEHXZ) referenced in function "class std::basic_ostream<char,struct std::char_traits<char> > & __cdecl std::operator<<<struct std::char_traits<char> >(class std::basic_ostream<char,struct std::char_traits<char> > &,char const *)" (??$?6U?$char_traits@D@std@@@std@@YAAAV?$basic_ostream@DU?$char_traits@D@std@@@0@AAV10@PBD@Z)
     1>main.obj : error LNK2019: unresolved external symbol "__declspec(dllimport) public: __int64 __thiscall std::ios_base::width(void)const " (__imp_?width@ios_base@std@@QBE_JXZ) referenced in function "class std::basic_ostream<char,struct std::char_traits<char> > & __cdecl std::operator<<<struct std::char_traits<char> >(class std::basic_ostream<char,struct std::char_traits<char> > &,char const *)" (??$?6U?$char_traits@D@std@@@std@@YAAAV?$basic_ostream@DU?$char_traits@D@std@@@0@AAV10@PBD@Z)
     1>main.obj : error LNK2019: unresolved external symbol "__declspec(dllimport) public: __int64 __thiscall std::ios_base::width(__int64)" (__imp_?width@ios_base@std@@QAE_J_J@Z) referenced in function "class std::basic_ostream<char,struct std::char_traits<char> > & __cdecl std::operator<<<struct std::char_traits<char> >(class std::basic_ostream<char,struct std::char_traits<char> > &,char const *)" (??$?6U?$char_traits@D@std@@@std@@YAAAV?$basic_ostream@DU?$char_traits@D@std@@@0@AAV10@PBD@Z)
     1>main.obj : error LNK2019: unresolved external symbol "__declspec(dllimport) public: int __thiscall std::basic_streambuf<char,struct std::char_traits<char> >::sputc(char)" (__imp_?sputc@?$basic_streambuf@DU?$char_traits@D@std@@@std@@QAEHD@Z) referenced in function "class std::basic_ostream<char,struct std::char_traits<char> > & __cdecl std::operator<<<struct std::char_traits<char> >(class std::basic_ostream<char,struct std::char_traits<char> > &,char const *)" (??$?6U?$char_traits@D@std@@@std@@YAAAV?$basic_ostream@DU?$char_traits@D@std@@@0@AAV10@PBD@Z)
     1>main.obj : error LNK2019: unresolved external symbol "__declspec(dllimport) public: __int64 __thiscall std::basic_streambuf<char,struct std::char_traits<char> >::sputn(char const *,__int64)" (__imp_?sputn@?$basic_streambuf@DU?$char_traits@D@std@@@std@@QAE_JPBD_J@Z) referenced in function "class std::basic_ostream<char,struct std::char_traits<char> > & __cdecl std::operator<<<struct std::char_traits<char> >(class std::basic_ostream<char,struct std::char_traits<char> > &,char const *)" (??$?6U?$char_traits@D@std@@@std@@YAAAV?$basic_ostream@DU?$char_traits@D@std@@@0@AAV10@PBD@Z)
     1>main.obj : error LNK2019: unresolved external symbol "__declspec(dllimport) public: void __thiscall std::basic_ios<char,struct std::char_traits<char> >::setstate(int,bool)" (__imp_?setstate@?$basic_ios@DU?$char_traits@D@std@@@std@@QAEXH_N@Z) referenced in function __catch$??$?6U?$char_traits@D@std@@@std@@YAAAV?$basic_ostream@DU?$char_traits@D@std@@@0@AAV10@PBD@Z$0
     1>main.obj : error LNK2019: unresolved external symbol "__declspec(dllimport) public: class std::basic_ostream<char,struct std::char_traits<char> > * __thiscall std::basic_ios<char,struct std::char_traits<char> >::tie(void)const " (__imp_?tie@?$basic_ios@DU?$char_traits@D@std@@@std@@QBEPAV?$basic_ostream@DU?$char_traits@D@std@@@2@XZ) referenced in function "public: __thiscall std::basic_ostream<char,struct std::char_traits<char> >::sentry::sentry(class std::basic_ostream<char,struct std::char_traits<char> > &)" (??0sentry@?$basic_ostream@DU?$char_traits@D@std@@@std@@QAE@AAV12@@Z)
     1>main.obj : error LNK2019: unresolved external symbol "__declspec(dllimport) public: class std::basic_streambuf<char,struct std::char_traits<char> > * __thiscall std::basic_ios<char,struct std::char_traits<char> >::rdbuf(void)const " (__imp_?rdbuf@?$basic_ios@DU?$char_traits@D@std@@@std@@QBEPAV?$basic_streambuf@DU?$char_traits@D@std@@@2@XZ) referenced in function "class std::basic_ostream<char,struct std::char_traits<char> > & __cdecl std::operator<<<struct std::char_traits<char> >(class std::basic_ostream<char,struct std::char_traits<char> > &,char const *)" (??$?6U?$char_traits@D@std@@@std@@YAAAV?$basic_ostream@DU?$char_traits@D@std@@@0@AAV10@PBD@Z)
     1>main.obj : error LNK2019: unresolved external symbol "__declspec(dllimport) public: char __thiscall std::basic_ios<char,struct std::char_traits<char> >::fill(void)const " (__imp_?fill@?$basic_ios@DU?$char_traits@D@std@@@std@@QBEDXZ) referenced in function "class std::basic_ostream<char,struct std::char_traits<char> > & __cdecl std::operator<<<struct std::char_traits<char> >(class std::basic_ostream<char,struct std::char_traits<char> > &,char const *)" (??$?6U?$char_traits@D@std@@@std@@YAAAV?$basic_ostream@DU?$char_traits@D@std@@@0@AAV10@PBD@Z)
     1>main.obj : error LNK2019: unresolved external symbol "__declspec(dllimport) public: void __thiscall std::basic_ostream<char,struct std::char_traits<char> >::_Osfx(void)" (__imp_?_Osfx@?$basic_ostream@DU?$char_traits@D@std@@@std@@QAEXXZ) referenced in function "public: __thiscall std::basic_ostream<char,struct std::char_traits<char> >::sentry::~sentry(void)" (??1sentry@?$basic_ostream@DU?$char_traits@D@std@@@std@@QAE@XZ)
     1>main.obj : error LNK2019: unresolved external symbol "__declspec(dllimport) public: class std::basic_ostream<char,struct std::char_traits<char> > & __thiscall std::basic_ostream<char,struct std::char_traits<char> >::flush(void)" (__imp_?flush@?$basic_ostream@DU?$char_traits@D@std@@@std@@QAEAAV12@XZ) referenced in function "public: __thiscall std::basic_ostream<char,struct std::char_traits<char> >::sentry::sentry(class std::basic_ostream<char,struct std::char_traits<char> > &)" (??0sentry@?$basic_ostream@DU?$char_traits@D@std@@@std@@QAE@AAV12@@Z)
     1>main.obj : error LNK2019: unresolved external symbol __imp__PlaySoundA@12 referenced in function "private: virtual void __thiscall GameEventEar::FireGameEvent(class IGameEvent *)" (?FireGameEvent@GameEventEar@@EAEXPAVIGameEvent@@@Z)
     1>main.obj : error LNK2019: unresolved external symbol __imp___SpewInfo referenced in function "public: __thiscall Vector2D::Vector2D(float,float)" (??0Vector2D@@QAE@MM@Z)
     1>main.obj : error LNK2019: unresolved external symbol __imp___SpewMessage referenced in function "public: __thiscall Vector2D::Vector2D(float,float)" (??0Vector2D@@QAE@MM@Z)
     1>main.obj : error LNK2019: unresolved external symbol __imp___ExitOnFatalAssert referenced in function "public: __thiscall Vector2D::Vector2D(float,float)" (??0Vector2D@@QAE@MM@Z)
     1>main.obj : error LNK2019: unresolved external symbol __imp__ShouldUseNewAssertDialog referenced in function "public: __thiscall Vector2D::Vector2D(float,float)" (??0Vector2D@@QAE@MM@Z)
     1>main.obj : error LNK2019: unresolved external symbol __imp__DoNewAssertDialog referenced in function "public: __thiscall Vector2D::Vector2D(float,float)" (??0Vector2D@@QAE@MM@Z)
     1>main.obj : error LNK2019: unresolved external symbol __imp__CallAssertFailedNotifyFunc referenced in function "public: __thiscall Vector2D::Vector2D(float,float)" (??0Vector2D@@QAE@MM@Z)
     1>main.obj : error LNK2019: unresolved external symbol __imp__Msg referenced in function "private: virtual void __thiscall GameEventKilled::FireGameEvent(class IGameEvent *)" (?FireGameEvent@GameEventKilled@@EAEXPAVIGameEvent@@@Z)
     1>main.obj : error LNK2019: unresolved external symbol __imp__Warning referenced in function "public: int __thiscall CNetworkedVariableManager::GetOffset(char const *,char const *)" (?GetOffset@CNetworkedVariableManager@@QAEHPBD0@Z)
     1>main.obj : error LNK2019: unresolved external symbol "void __cdecl AngleVectors(class QAngle const &,class Vector *)" (?AngleVectors@@YAXABVQAngle@@PAVVector@@@Z) referenced in function "void __stdcall CL_FixMove(class GMODCUserCmd *,class Vector)" (?CL_FixMove@@YGXPAVGMODCUserCmd@@VVector@@@Z)
     1>main.obj : error LNK2019: unresolved external symbol "void __cdecl VectorAngles(class Vector const &,class QAngle &)" (?VectorAngles@@YAXABVVector@@AAVQAngle@@@Z) referenced in function "public: void __stdcall CAimbot::DoAimbot(class GMODCUserCmd *)" (?DoAimbot@CAimbot@@QAGXPAVGMODCUserCmd@@@Z)
     1>main.obj : error LNK2019: unresolved external symbol "void __cdecl CRC32_Init(unsigned int *)" (?CRC32_Init@@YAXPAI@Z) referenced in function "unsigned int __cdecl CRC32_ProcessSingleBuffer(void const *,int)" (?CRC32_ProcessSingleBuffer@@YAIPBXH@Z)
     1>main.obj : error LNK2019: unresolved external symbol "void __cdecl CRC32_ProcessBuffer(unsigned int *,void const *,int)" (?CRC32_ProcessBuffer@@YAXPAIPBXH@Z) referenced in function "unsigned int __cdecl CRC32_ProcessSingleBuffer(void const *,int)" (?CRC32_ProcessSingleBuffer@@YAIPBXH@Z)
     1>main.obj : error LNK2019: unresolved external symbol "void __cdecl CRC32_Final(unsigned int *)" (?CRC32_Final@@YAXPAI@Z) referenced in function "unsigned int __cdecl CRC32_ProcessSingleBuffer(void const *,int)" (?CRC32_ProcessSingleBuffer@@YAIPBXH@Z)
     1>main.obj : error LNK2019: unresolved external symbol "int __cdecl _V_strcmp(char const *,int,char const *,char const *)" (?_V_strcmp@@YAHPBDH00@Z) referenced in function "private: virtual void __thiscall GameEventEar::FireGameEvent(class IGameEvent *)" (?FireGameEvent@GameEventEar@@EAEXPAVIGameEvent@@@Z)
     1>main.obj : error LNK2019: unresolved external symbol "unsigned int __cdecl MD5_PseudoRandom(unsigned int)" (?MD5_PseudoRandom@@YAII@Z) referenced in function "class GMODCUserCmd * __stdcall hkGetUserCmd(int)" (?hkGetUserCmd@@YGPAVGMODCUserCmd@@H@Z)
     1>main.obj : error LNK2019: unresolved external symbol @_RTC_CheckStackVars@8 referenced in function __catch$??$?6U?$char_traits@D@std@@@std@@YAAAV?$basic_ostream@DU?$char_traits@D@std@@@0@AAV10@PBD@Z$0
     1>main.obj : error LNK2019: unresolved external symbol @__security_check_cookie@4 referenced in function __catch$??$?6U?$char_traits@D@std@@@std@@YAAAV?$basic_ostream@DU?$char_traits@D@std@@@0@AAV10@PBD@Z$0
     1>main.obj : error LNK2019: unresolved external symbol __CxxThrowException@8 referenced in function __catch$??0?$vector@PAVLBaseObject@@V?$allocator@PAVLBaseObject@@@std@@@std@@QAE@ABV01@@Z$0
     1>main.obj : error LNK2019: unresolved external symbol __RTC_CheckEsp referenced in function "class std::basic_ostream<char,struct std::char_traits<char> > & __cdecl std::operator<<<struct std::char_traits<char> >(class std::basic_ostream<char,struct std::char_traits<char> > &,char const *)" (??$?6U?$char_traits@D@std@@@std@@YAAAV?$basic_ostream@DU?$char_traits@D@std@@@0@AAV10@PBD@Z)
     1>main.obj : error LNK2001: unresolved external symbol __RTC_InitBase
     1>main.obj : error LNK2001: unresolved external symbol __RTC_Shutdown
     1>main.obj : error LNK2019: unresolved external symbol ___CxxFrameHandler3 referenced in function __unwindfunclet$??$?6U?$char_traits@D@std@@@std@@YAAAV?$basic_ostream@DU?$char_traits@D@std@@@0@AAV10@PBD@Z$2
     1>main.obj : error LNK2019: unresolved external symbol __chkstk referenced in function "public: bool __stdcall CAimbot::GetHitboxPosition(int,class Vector &,class CBaseEntityNew *)" (?GetHitboxPosition@CAimbot@@QAG_NHAAVVector@@PAVCBaseEntityNew@@@Z)
     1>main.obj : error LNK2019: unresolved external symbol _memset referenced in function "public: void __thiscall std::_Vector_const_iterator<class std::_Vector_val<struct std::_Simple_types<class RecvTable *> > >::__autoclassinit2(unsigned int)" (?__autoclassinit2@?$_Vector_const_iterator@V?$_Vector_val@U?$_Simple_types@PAVRecvTable@@@std@@@std@@@std@@QAEXI@Z)
     1>main.obj : error LNK2001: unresolved external symbol "const type_info::`vftable'" (??_7type_info@@6B@)
     1>main.obj : error LNK2001: unresolved external symbol "__declspec(dllimport) class std::basic_ostream<char,struct std::char_traits<char> > std::cout" (__imp_?cout@std@@3V?$basic_ostream@DU?$char_traits@D@std@@@1@A)
     1>main.obj : error LNK2019: unresolved external symbol ___security_cookie referenced in function "class std::basic_ostream<char,struct std::char_traits<char> > & __cdecl std::operator<<<struct std::char_traits<char> >(class std::basic_ostream<char,struct std::char_traits<char> > &,char const *)" (??$?6U?$char_traits@D@std@@@std@@YAAAV?$basic_ostream@DU?$char_traits@D@std@@@0@AAV10@PBD@Z)
     1>main.obj : error LNK2001: unresolved external symbol __fltused
     1>LINK : error LNK2001: unresolved external symbol __DllMainCRTStartup@12
     1>C:\Users\VottonHD\Documents\GitHub\LoliSmasher\Debug\meatbeater.dll : fatal error LNK1120: 82 unresolved externals
     1>Done Building Project "C:\Users\VottonHD\Documents\GitHub\LoliSmasher\meatbeater.vcxproj" (Build target(s)) -- FAILED.

Build FAILED.

Time Elapsed 00:00:00.93
